<component name="libraryTable">
  <library name="Junit">
    <CLASSES>
      <root url="jar://$USER_HOME$/Downloads/junit-4.10.jar!/" />
    </CLASSES>
    <JAVADOC />
    <SOURCES />
  </library>
</component>